Loaded `../data/baboon.pcx' file.                                                                                                                                               
290129 bytes length.                                                                                                                                                            
PCX image header info:                                                                                                                                                          
  Manufacturer:     10                                                                                                                                                          
  Version:          5                                                                                                                                                           
  Encoding:         1                                                                                                                                                           
  Bits per pixel:   8                                                                                                                                                           
  Window:           from (0,0) to (297,297)                                                                                                                                     
  Resolution (dpi): (298,298)                                                                                                                                                   
  Planes:           3
  Bytes per line:   298
  Pallete type:     1
  Screen size:      (0,0)
Starting 10 runs by 100 calls...
Average result based on 10 runs by 100 calls.
Implementation: general
100 calls in 3.963 seconds (0.03963 seconds per try).

Implementation: # 1  w/o iostream
100 calls in 3.781 seconds (0.03781 seconds per try).

Implementation: # 2  constants inlined
100 calls in 3.879 seconds (0.03879 seconds per try).

Implementation: # 3  using `int' type
100 calls in 3.393 seconds (0.03393 seconds per try).

Implementation: # 4  deduced output image addressing
100 calls in 2.047 seconds (0.02047 seconds per try).

Implementation: # 5  deduced input data addressing
100 calls in 2.618 seconds (0.02618 seconds per try).

Implementation: # 6  reimplemented cycle
100 calls in 1.939 seconds (0.01939 seconds per try).

Implementation: # 7  inlined outputting
100 calls in 1.773 seconds (0.01773 seconds per try).

Implementation: # 8  inlined outputting in all cases
100 calls in 1.492 seconds (0.01492 seconds per try).

Implementation: # 9  pairing in output
100 calls in 1.403 seconds (0.01403 seconds per try).

Implementation: # 9a using memset() for output
100 calls in 1.407 seconds (0.01407 seconds per try).

Implementation: #10  I/O by DWORD
100 calls in 1.736 seconds (0.01736 seconds per try).

Implementation: #11  I/O by paired 2 DWORDs
100 calls in 1.599 seconds (0.01599 seconds per try).

Implementation: #11a I/O by blindly paired 2 DWORDs
100 calls in 1.585 seconds (0.01585 seconds per try).

Implementation: #11b I/O by blindly paired 4 DWORDs
100 calls in 1.438 seconds (0.01438 seconds per try).

Implementation: #12 reading aligned by 4 bytes
100 calls in 2.516 seconds (0.02516 seconds per try).

